[0m08:53:16.670095 [debug] [MainThread]: Sending event: {'category': 'dbt', 'action': 'invocation', 'label': 'start', 'context': [<snowplow_tracker.self_describing_json.SelfDescribingJson object at 0x11cba7250>, <snowplow_tracker.self_describing_json.SelfDescribingJson object at 0x11cba6fd0>, <snowplow_tracker.self_describing_json.SelfDescribingJson object at 0x11cc23910>]}


============================== 08:53:16.779942 | 19d35939-2e4c-4258-b75c-1aca12f67d5b ==============================
[0m08:53:16.779942 [info ] [MainThread]: Running with dbt=1.11.3
[0m08:53:16.781010 [debug] [MainThread]: running dbt with arguments {'quiet': 'False', 'use_colors': 'True', 'warn_error': 'None', 'use_experimental_parser': 'False', 'target_path': 'None', 'version_check': 'True', 'send_anonymous_usage_stats': 'True', 'profiles_dir': '/Users/alvaroparra/.dbt', 'introspect': 'True', 'empty': 'None', 'log_cache_events': 'False', 'indirect_selection': 'eager', 'partial_parse': 'True', 'debug': 'False', 'cache_selected_only': 'False', 'log_format': 'default', 'invocation_command': 'dbt debug', 'warn_error_options': 'WarnErrorOptionsV2(error=[], warn=[], silence=[])', 'log_path': 'logs', 'write_json': 'True', 'fail_fast': 'False', 'printer_width': '80', 'no_print': 'None', 'static_parser': 'True'}
[0m08:53:17.035176 [info ] [MainThread]: dbt version: 1.11.3
[0m08:53:17.036481 [info ] [MainThread]: python version: 3.11.13
[0m08:53:17.037386 [info ] [MainThread]: python path: /Users/alvaroparra/Documents/Personal/projects/project_1/.venv/bin/python3
[0m08:53:17.038162 [info ] [MainThread]: os info: macOS-15.7.3-arm64-arm-64bit
[0m08:53:17.056272 [error] [MainThread]: Encountered an error:
Parsing Error
  Env var required but not provided: 'SNOWFLAKE_ACCOUNT'
[0m08:53:17.057503 [debug] [MainThread]: Resource report: {"command_name": "debug", "command_success": false, "command_wall_clock_time": 0.81210965, "process_in_blocks": "0", "process_kernel_time": 1.464238, "process_mem_max_rss": "139116544", "process_out_blocks": "0", "process_user_time": 2.874961}
[0m08:53:17.057982 [debug] [MainThread]: Command `dbt debug` failed at 08:53:17.057903 after 0.81 seconds
[0m08:53:17.058308 [debug] [MainThread]: Sending event: {'category': 'dbt', 'action': 'invocation', 'label': 'end', 'context': [<snowplow_tracker.self_describing_json.SelfDescribingJson object at 0x11cc22910>, <snowplow_tracker.self_describing_json.SelfDescribingJson object at 0x11cba6450>, <snowplow_tracker.self_describing_json.SelfDescribingJson object at 0x11cba73d0>]}
[0m08:53:17.058610 [debug] [MainThread]: Flushing usage events
[0m08:53:18.066225 [debug] [MainThread]: An error was encountered while trying to flush usage events
[0m19:18:24.120833 [debug] [MainThread]: Sending event: {'category': 'dbt', 'action': 'invocation', 'label': 'start', 'context': [<snowplow_tracker.self_describing_json.SelfDescribingJson object at 0x111656650>, <snowplow_tracker.self_describing_json.SelfDescribingJson object at 0x11167b810>, <snowplow_tracker.self_describing_json.SelfDescribingJson object at 0x11167bf90>]}


============================== 19:18:24.124100 | c5a95b56-1253-4ace-8082-c0e72f8d5753 ==============================
[0m19:18:24.124100 [info ] [MainThread]: Running with dbt=1.11.3
[0m19:18:24.124404 [debug] [MainThread]: running dbt with arguments {'use_colors': 'True', 'quiet': 'False', 'target_path': 'None', 'indirect_selection': 'eager', 'cache_selected_only': 'False', 'version_check': 'True', 'log_cache_events': 'False', 'profiles_dir': '/Users/alvaroparra/.dbt', 'log_format': 'default', 'fail_fast': 'False', 'write_json': 'True', 'static_parser': 'True', 'send_anonymous_usage_stats': 'True', 'use_experimental_parser': 'False', 'warn_error_options': 'WarnErrorOptionsV2(error=[], warn=[], silence=[])', 'introspect': 'True', 'partial_parse': 'True', 'log_path': 'logs', 'no_print': 'None', 'printer_width': '80', 'debug': 'False', 'invocation_command': 'dbt init', 'empty': 'None', 'warn_error': 'None'}
[0m19:18:35.214241 [debug] [MainThread]: Starter project path: /Users/alvaroparra/Documents/Personal/projects/project_1/.venv/lib/python3.11/site-packages/dbt/include/starter_project
[0m19:18:35.236872 [info ] [MainThread]: 
Your new dbt project "dbt_project_1" was created!

For more information on how to configure the profiles.yml file,
please consult the dbt documentation here:

  https://docs.getdbt.com/docs/configure-your-profile

One more thing:

Need help? Don't hesitate to reach out to us via GitHub issues or on Slack:

  https://community.getdbt.com/

Happy modeling!

[0m19:18:35.237338 [info ] [MainThread]: Setting up your profile.
[0m19:18:40.152342 [debug] [MainThread]: Snowflake adapter: Setting snowflake.connector to ERROR (file logging only)
[0m19:18:40.153359 [debug] [MainThread]: Snowflake adapter: Setting botocore to ERROR (file logging only)
[0m19:18:40.153890 [debug] [MainThread]: Snowflake adapter: Setting boto3 to ERROR (file logging only)
[0m19:23:29.911242 [info ] [MainThread]: Profile dbt_project_1 written to /Users/alvaroparra/.dbt/profiles.yml using target's profile_template.yml and your supplied values. Run 'dbt debug' to validate the connection.
[0m19:23:29.914887 [debug] [MainThread]: Resource report: {"command_name": "init", "command_success": true, "command_wall_clock_time": 305.8537, "process_in_blocks": "0", "process_kernel_time": 0.523611, "process_mem_max_rss": "129564672", "process_out_blocks": "0", "process_user_time": 1.0997}
[0m19:23:29.916570 [debug] [MainThread]: Command `dbt init` succeeded at 19:23:29.916478 after 305.86 seconds
[0m19:23:29.917156 [debug] [MainThread]: Sending event: {'category': 'dbt', 'action': 'invocation', 'label': 'end', 'context': [<snowplow_tracker.self_describing_json.SelfDescribingJson object at 0x111656f50>, <snowplow_tracker.self_describing_json.SelfDescribingJson object at 0x111654fd0>, <snowplow_tracker.self_describing_json.SelfDescribingJson object at 0x102f91ed0>]}
[0m19:23:29.917539 [debug] [MainThread]: Flushing usage events
[0m19:23:30.862671 [debug] [MainThread]: An error was encountered while trying to flush usage events
[0m08:10:10.599432 [debug] [MainThread]: Sending event: {'category': 'dbt', 'action': 'invocation', 'label': 'start', 'context': [<snowplow_tracker.self_describing_json.SelfDescribingJson object at 0x107607f10>, <snowplow_tracker.self_describing_json.SelfDescribingJson object at 0x10768f090>, <snowplow_tracker.self_describing_json.SelfDescribingJson object at 0x10768f9d0>]}


============================== 08:10:10.602586 | 85096e12-77f9-4fe4-881a-79b548197eab ==============================
[0m08:10:10.602586 [info ] [MainThread]: Running with dbt=1.11.3
[0m08:10:10.602968 [debug] [MainThread]: running dbt with arguments {'introspect': 'True', 'fail_fast': 'False', 'static_parser': 'True', 'quiet': 'False', 'partial_parse': 'True', 'log_path': 'logs', 'empty': 'None', 'target_path': 'None', 'log_cache_events': 'False', 'indirect_selection': 'eager', 'cache_selected_only': 'False', 'use_experimental_parser': 'False', 'warn_error_options': 'WarnErrorOptionsV2(error=[], warn=[], silence=[])', 'log_format': 'default', 'no_print': 'None', 'use_colors': 'True', 'warn_error': 'None', 'write_json': 'True', 'send_anonymous_usage_stats': 'True', 'debug': 'False', 'printer_width': '80', 'version_check': 'True', 'invocation_command': 'dbt debug', 'profiles_dir': '/Users/alvaroparra/.dbt'}
[0m08:10:10.644106 [info ] [MainThread]: dbt version: 1.11.3
[0m08:10:10.644369 [info ] [MainThread]: python version: 3.11.13
[0m08:10:10.644540 [info ] [MainThread]: python path: /Users/alvaroparra/Documents/Personal/projects/project_1/.venv/bin/python3
[0m08:10:10.644681 [info ] [MainThread]: os info: macOS-15.7.3-arm64-arm-64bit
[0m08:10:10.965919 [debug] [MainThread]: Snowflake adapter: Setting snowflake.connector to ERROR (file logging only)
[0m08:10:10.966225 [debug] [MainThread]: Snowflake adapter: Setting botocore to ERROR (file logging only)
[0m08:10:10.966386 [debug] [MainThread]: Snowflake adapter: Setting boto3 to ERROR (file logging only)
[0m08:10:11.001158 [info ] [MainThread]: Using profiles dir at /Users/alvaroparra/.dbt
[0m08:10:11.001393 [info ] [MainThread]: Using profiles.yml file at /Users/alvaroparra/.dbt/profiles.yml
[0m08:10:11.001543 [info ] [MainThread]: Using dbt_project.yml file at /Users/alvaroparra/Documents/Personal/projects/project_1/dbt_project.yml
[0m08:10:11.003847 [info ] [MainThread]: adapter type: snowflake
[0m08:10:11.004010 [info ] [MainThread]: adapter version: 1.11.1
[0m08:10:11.004151 [info ] [MainThread]: Configuration:
[0m08:10:11.004289 [info ] [MainThread]:   profiles.yml file [[32mOK found and valid[0m]
[0m08:10:11.004413 [info ] [MainThread]:   dbt_project.yml file [[31mERROR not found[0m]
[0m08:10:11.004538 [info ] [MainThread]: Required dependencies:
[0m08:10:11.004777 [debug] [MainThread]: Executing "git --help"
[0m08:10:11.019812 [debug] [MainThread]: STDOUT: "b"usage: git [-v | --version] [-h | --help] [-C <path>] [-c <name>=<value>]\n           [--exec-path[=<path>]] [--html-path] [--man-path] [--info-path]\n           [-p | --paginate | -P | --no-pager] [--no-replace-objects] [--no-lazy-fetch]\n           [--no-optional-locks] [--no-advice] [--bare] [--git-dir=<path>]\n           [--work-tree=<path>] [--namespace=<name>] [--config-env=<name>=<envvar>]\n           <command> [<args>]\n\nThese are common Git commands used in various situations:\n\nstart a working area (see also: git help tutorial)\n   clone      Clone a repository into a new directory\n   init       Create an empty Git repository or reinitialize an existing one\n\nwork on the current change (see also: git help everyday)\n   add        Add file contents to the index\n   mv         Move or rename a file, a directory, or a symlink\n   restore    Restore working tree files\n   rm         Remove files from the working tree and from the index\n\nexamine the history and state (see also: git help revisions)\n   bisect     Use binary search to find the commit that introduced a bug\n   diff       Show changes between commits, commit and working tree, etc\n   grep       Print lines matching a pattern\n   log        Show commit logs\n   show       Show various types of objects\n   status     Show the working tree status\n\ngrow, mark and tweak your common history\n   backfill   Download missing objects in a partial clone\n   branch     List, create, or delete branches\n   commit     Record changes to the repository\n   merge      Join two or more development histories together\n   rebase     Reapply commits on top of another base tip\n   reset      Reset current HEAD to the specified state\n   switch     Switch branches\n   tag        Create, list, delete or verify a tag object signed with GPG\n\ncollaborate (see also: git help workflows)\n   fetch      Download objects and refs from another repository\n   pull       Fetch from and integrate with another repository or a local branch\n   push       Update remote refs along with associated objects\n\n'git help -a' and 'git help -g' list available subcommands and some\nconcept guides. See 'git help <command>' or 'git help <concept>'\nto read about a specific subcommand or concept.\nSee 'git help git' for an overview of the system.\n""
[0m08:10:11.020266 [debug] [MainThread]: STDERR: "b''"
[0m08:10:11.020437 [info ] [MainThread]:  - git [[32mOK found[0m]

[0m08:10:11.020585 [info ] [MainThread]: Connection:
[0m08:10:11.020737 [info ] [MainThread]:   account: PP58667.south-central-us.azure
[0m08:10:11.020848 [info ] [MainThread]:   user: dbt_user
[0m08:10:11.020953 [info ] [MainThread]:   database: project_1
[0m08:10:11.021057 [info ] [MainThread]:   warehouse: dbt_warehouse
[0m08:10:11.021161 [info ] [MainThread]:   role: dbt_role
[0m08:10:11.021264 [info ] [MainThread]:   schema: project_schema
[0m08:10:11.021366 [info ] [MainThread]:   authenticator: None
[0m08:10:11.021470 [info ] [MainThread]:   oauth_client_id: None
[0m08:10:11.021572 [info ] [MainThread]:   query_tag: None
[0m08:10:11.021673 [info ] [MainThread]:   client_session_keep_alive: False
[0m08:10:11.021778 [info ] [MainThread]:   host: None
[0m08:10:11.021877 [info ] [MainThread]:   port: None
[0m08:10:11.021984 [info ] [MainThread]:   proxy_host: None
[0m08:10:11.022100 [info ] [MainThread]:   proxy_port: None
[0m08:10:11.022200 [info ] [MainThread]:   protocol: None
[0m08:10:11.022301 [info ] [MainThread]:   connect_retries: 1
[0m08:10:11.022399 [info ] [MainThread]:   connect_timeout: None
[0m08:10:11.022498 [info ] [MainThread]:   retry_on_database_errors: False
[0m08:10:11.022602 [info ] [MainThread]:   retry_all: False
[0m08:10:11.022701 [info ] [MainThread]:   insecure_mode: False
[0m08:10:11.022799 [info ] [MainThread]:   reuse_connections: True
[0m08:10:11.022899 [info ] [MainThread]:   s3_stage_vpce_dns_name: None
[0m08:10:11.022999 [info ] [MainThread]:   platform_detection_timeout_seconds: 0.0
[0m08:10:11.023268 [info ] [MainThread]: Registered adapter: snowflake=1.11.1
[0m08:10:11.102739 [debug] [MainThread]: Acquiring new snowflake connection 'debug'
[0m08:10:12.085231 [debug] [MainThread]: Using snowflake connection "debug"
[0m08:10:12.085980 [debug] [MainThread]: On debug: select 1 as id
[0m08:10:12.086391 [debug] [MainThread]: Opening a new connection, currently in state init
[0m08:10:19.615672 [debug] [MainThread]: SQL status: SUCCESS 1 in 7.529 seconds
[0m08:10:19.617716 [info ] [MainThread]:   Connection test: [[32mOK connection ok[0m]

[0m08:10:19.618291 [info ] [MainThread]: [31m1 check failed:[0m
[0m08:10:19.618680 [info ] [MainThread]: Project loading failed for the following reason:
 project path </Users/alvaroparra/Documents/Personal/projects/project_1/dbt_project.yml> not found

[0m08:10:19.619365 [debug] [MainThread]: Resource report: {"command_name": "debug", "command_success": false, "command_wall_clock_time": 9.062271, "process_in_blocks": "0", "process_kernel_time": 0.45369, "process_mem_max_rss": "148635648", "process_out_blocks": "0", "process_user_time": 0.97485}
[0m08:10:19.619941 [debug] [MainThread]: Command `dbt debug` failed at 08:10:19.619819 after 9.06 seconds
[0m08:10:19.620343 [debug] [MainThread]: Connection 'debug' was left open.
[0m08:10:19.620657 [debug] [MainThread]: On debug: Close
[0m08:10:20.148627 [debug] [MainThread]: Sending event: {'category': 'dbt', 'action': 'invocation', 'label': 'end', 'context': [<snowplow_tracker.self_describing_json.SelfDescribingJson object at 0x107603410>, <snowplow_tracker.self_describing_json.SelfDescribingJson object at 0x1076033d0>, <snowplow_tracker.self_describing_json.SelfDescribingJson object at 0x10888ea50>]}
[0m08:10:20.149451 [debug] [MainThread]: Flushing usage events
[0m08:10:21.083794 [debug] [MainThread]: An error was encountered while trying to flush usage events
[0m05:30:37.571152 [debug] [MainThread]: Sending event: {'category': 'dbt', 'action': 'invocation', 'label': 'start', 'context': [<snowplow_tracker.self_describing_json.SelfDescribingJson object at 0x10b397990>, <snowplow_tracker.self_describing_json.SelfDescribingJson object at 0x10b6f3790>, <snowplow_tracker.self_describing_json.SelfDescribingJson object at 0x10b77b790>]}


============================== 05:30:37.574485 | c6730669-8a80-45fa-b97b-82717b241072 ==============================
[0m05:30:37.574485 [info ] [MainThread]: Running with dbt=1.11.3
[0m05:30:37.574818 [debug] [MainThread]: running dbt with arguments {'log_format': 'default', 'no_print': 'None', 'debug': 'False', 'version_check': 'True', 'cache_selected_only': 'False', 'empty': 'None', 'indirect_selection': 'eager', 'fail_fast': 'False', 'use_experimental_parser': 'False', 'static_parser': 'True', 'warn_error': 'None', 'write_json': 'True', 'invocation_command': 'dbt deps', 'quiet': 'False', 'send_anonymous_usage_stats': 'True', 'target_path': 'None', 'profiles_dir': '/Users/alvaroparra/.dbt', 'introspect': 'True', 'printer_width': '80', 'use_colors': 'True', 'partial_parse': 'True', 'log_path': 'logs', 'warn_error_options': 'WarnErrorOptionsV2(error=[], warn=[], silence=[])', 'log_cache_events': 'False'}
[0m05:30:37.575303 [error] [MainThread]: Encountered an error:
Runtime Error
  No dbt_project.yml found at expected path /Users/alvaroparra/Documents/Personal/projects/project_1/dbt_project.yml
  Verify that each entry within packages.yml (and their transitive dependencies) contains a file named dbt_project.yml
  
[0m05:30:37.575622 [debug] [MainThread]: Resource report: {"command_name": "deps", "command_success": false, "command_wall_clock_time": 0.043963708, "process_in_blocks": "0", "process_kernel_time": 0.242747, "process_mem_max_rss": "107872256", "process_out_blocks": "0", "process_user_time": 0.68647}
[0m05:30:37.575898 [debug] [MainThread]: Command `dbt deps` failed at 05:30:37.575846 after 0.04 seconds
[0m05:30:37.576086 [debug] [MainThread]: Sending event: {'category': 'dbt', 'action': 'invocation', 'label': 'end', 'context': [<snowplow_tracker.self_describing_json.SelfDescribingJson object at 0x10b77b610>, <snowplow_tracker.self_describing_json.SelfDescribingJson object at 0x10b6ef210>, <snowplow_tracker.self_describing_json.SelfDescribingJson object at 0x10b6ef310>]}
[0m05:30:37.576263 [debug] [MainThread]: Flushing usage events
[0m05:30:38.557134 [debug] [MainThread]: An error was encountered while trying to flush usage events
